<?xml version="1.0" encoding="UTF-8"?>
<!-- Generated by org.testng.reporters.JUnitReportReporter -->
<testsuite hostname="DESKTOP-6DKNH69" failures="0" tests="2" name="RunnerFile.RunnerFile" time="9.374" errors="0" timestamp="2024-05-15T19:52:08 IST" skipped="0">
  <testcase classname="RunnerFile.RunnerFile" name="runScenario" time="5.617"/>
  <system-out/>
  <testcase classname="RunnerFile.RunnerFile" name="runScenario" time="3.757"/>
  <system-out/>
</testsuite> <!-- RunnerFile.RunnerFile -->
